2021-03-08 16:17:02.419 +05:30 [INF] Starting up
2021-03-08 16:17:08.587 +05:30 [INF] Now listening on: https://localhost:5001
2021-03-08 16:17:08.602 +05:30 [INF] Now listening on: http://localhost:5000
2021-03-08 16:17:08.606 +05:30 [INF] Application started. Press Ctrl+C to shut down.
2021-03-08 16:17:08.608 +05:30 [INF] Hosting environment: Development
2021-03-08 16:17:08.610 +05:30 [INF] Content root path: C:\Users\rajes\OneDrive\Desktop\Task\OptionPatternProject\OptionPatternProject
2021-03-08 16:17:17.049 +05:30 [INF] {Scheme},GET,{Path},{Query},404,89.53
2021-03-08 16:17:17.049 +05:30 [INF] {Scheme},GET,{Path},{Query},404,88.70
2021-03-08 16:17:23.065 +05:30 [INF] Application is shutting down...
2021-03-08 16:21:08.447 +05:30 [INF] Starting up
2021-03-08 16:21:09.464 +05:30 [INF] Now listening on: https://localhost:5001
2021-03-08 16:21:09.468 +05:30 [INF] Now listening on: http://localhost:5000
2021-03-08 16:21:09.469 +05:30 [INF] Application started. Press Ctrl+C to shut down.
2021-03-08 16:21:09.470 +05:30 [INF] Hosting environment: Development
2021-03-08 16:21:09.470 +05:30 [INF] Content root path: C:\Users\rajes\OneDrive\Desktop\Task\OptionPatternProject\OptionPatternProject
2021-03-08 16:21:12.371 +05:30 [INF] Application is shutting down...
2021-03-08 16:24:55.375 +05:30 [INF] Starting up
2021-03-08 16:24:56.539 +05:30 [INF] Now listening on: https://localhost:5001
2021-03-08 16:24:56.547 +05:30 [INF] Now listening on: http://localhost:5000
2021-03-08 16:24:56.549 +05:30 [INF] Application started. Press Ctrl+C to shut down.
2021-03-08 16:24:56.550 +05:30 [INF] Hosting environment: Development
2021-03-08 16:24:56.552 +05:30 [INF] Content root path: C:\Users\rajes\OneDrive\Desktop\Task\OptionPatternProject\OptionPatternProject
2021-03-08 16:25:01.918 +05:30 [INF] {Scheme},GET,{Path},{Query},404,49.94
2021-03-08 16:25:01.918 +05:30 [INF] {Scheme},GET,{Path},{Query},404,49.18
2021-03-08 16:25:33.656 +05:30 [INF] Entered GetOptionService method
2021-03-08 16:25:33.704 +05:30 [INF] {Scheme},GET,{Path},{Query},200,184.91
2021-03-08 16:25:50.564 +05:30 [INF] Entered GetOptionService method
2021-03-08 16:25:50.591 +05:30 [INF] {Scheme},GET,{Path},{Query},200,29.33
2021-03-08 16:26:37.313 +05:30 [INF] Entered GetOptionSnapShot methos
2021-03-08 16:26:37.314 +05:30 [INF] {Scheme},GET,{Path},{Query},200,112.76
2021-03-08 16:26:52.200 +05:30 [INF] Entered GetOptionSnapShot methos
2021-03-08 16:26:52.202 +05:30 [INF] {Scheme},GET,{Path},{Query},200,3.10
2021-03-08 16:26:55.618 +05:30 [INF] Entered GetOptionSnapShot methos
2021-03-08 16:26:55.619 +05:30 [INF] {Scheme},GET,{Path},{Query},200,1.28
2021-03-08 16:27:06.251 +05:30 [INF] Entered GetOptionSnapShot methos
2021-03-08 16:27:06.254 +05:30 [INF] {Scheme},GET,{Path},{Query},200,3.74
2021-03-08 16:27:07.168 +05:30 [INF] Entered GetOptionSnapShot methos
2021-03-08 16:27:07.170 +05:30 [INF] {Scheme},GET,{Path},{Query},200,1.31
2021-03-08 16:27:07.274 +05:30 [INF] Entered GetOptionSnapShot methos
2021-03-08 16:27:07.275 +05:30 [INF] {Scheme},GET,{Path},{Query},200,1.27
2021-03-08 16:27:07.529 +05:30 [INF] Entered GetOptionSnapShot methos
2021-03-08 16:27:07.530 +05:30 [INF] {Scheme},GET,{Path},{Query},200,1.12
2021-03-08 16:27:07.850 +05:30 [INF] Entered GetOptionSnapShot methos
2021-03-08 16:27:07.852 +05:30 [INF] {Scheme},GET,{Path},{Query},200,1.64
2021-03-08 16:27:07.960 +05:30 [INF] Entered GetOptionSnapShot methos
2021-03-08 16:27:07.961 +05:30 [INF] {Scheme},GET,{Path},{Query},200,1.54
2021-03-08 16:27:08.205 +05:30 [INF] Entered GetOptionSnapShot methos
2021-03-08 16:27:08.207 +05:30 [INF] {Scheme},GET,{Path},{Query},200,1.41
2021-03-08 16:27:29.593 +05:30 [INF] Entered GetOptionSnapShot methos
2021-03-08 16:27:29.594 +05:30 [INF] {Scheme},GET,{Path},{Query},200,1.30
2021-03-08 16:27:39.883 +05:30 [INF] Entered GetOptionSnapShot methos
2021-03-08 16:27:39.888 +05:30 [INF] {Scheme},GET,{Path},{Query},200,4.66
2021-03-08 17:07:38.251 +05:30 [INF] Starting up
2021-03-08 17:07:41.602 +05:30 [INF] Now listening on: https://localhost:5001
2021-03-08 17:07:41.651 +05:30 [INF] Now listening on: http://localhost:5000
2021-03-08 17:07:41.653 +05:30 [INF] Application started. Press Ctrl+C to shut down.
2021-03-08 17:07:41.659 +05:30 [INF] Hosting environment: Development
2021-03-08 17:07:41.683 +05:30 [INF] Content root path: C:\Users\rajes\OneDrive\Desktop\Task\OptionPatternProject\OptionPatternProject
2021-03-08 17:07:46.724 +05:30 [INF] Application is shutting down...
2021-03-08 17:09:58.168 +05:30 [INF] Starting up
2021-03-08 17:10:03.629 +05:30 [INF] Now listening on: https://localhost:5001
2021-03-08 17:10:03.748 +05:30 [INF] Now listening on: http://localhost:5000
2021-03-08 17:10:03.754 +05:30 [INF] Application started. Press Ctrl+C to shut down.
2021-03-08 17:10:03.762 +05:30 [INF] Hosting environment: Development
2021-03-08 17:10:03.764 +05:30 [INF] Content root path: C:\Users\rajes\OneDrive\Desktop\Task\OptionPatternProject\OptionPatternProject
2021-03-08 17:10:12.291 +05:30 [INF] {Scheme},GET,{Path},{Query},404,102.32
2021-03-08 17:10:12.291 +05:30 [INF] {Scheme},GET,{Path},{Query},404,103.10
2021-03-08 17:10:27.223 +05:30 [INF] Entered GetOptionService method
2021-03-08 17:10:27.249 +05:30 [INF] {Scheme},GET,{Path},{Query},200,76.25
2021-03-08 17:10:52.352 +05:30 [INF] Entered GetOptionService method
2021-03-08 17:10:52.367 +05:30 [INF] {Scheme},GET,{Path},{Query},200,15.45
2021-03-08 17:11:16.366 +05:30 [INF] Entered GetOptionSnapShot methos
2021-03-08 17:11:16.367 +05:30 [INF] {Scheme},GET,{Path},{Query},200,19.10
2021-03-08 17:11:30.654 +05:30 [INF] Entered GetOptionSnapShot methos
2021-03-08 17:11:30.658 +05:30 [INF] {Scheme},GET,{Path},{Query},200,25.00
2021-03-08 17:13:01.876 +05:30 [INF] {Scheme},GET,{Path},{Query},200,10.16
2021-03-08 17:13:27.060 +05:30 [INF] {Scheme},GET,{Path},{Query},200,0.69
2021-03-08 17:15:03.045 +05:30 [INF] {Scheme},GET,{Path},{Query},200,4.27
2021-03-08 17:15:16.965 +05:30 [INF] {Scheme},GET,{Path},{Query},200,4.25
