2021-03-06 17:59:06.4949|INFO|Microsoft.Hosting.Lifetime|Application started. Press Ctrl+C to shut down.
2021-03-06 17:59:06.5963|INFO|Microsoft.Hosting.Lifetime|Hosting environment: Development
2021-03-06 17:59:06.6082|INFO|Microsoft.Hosting.Lifetime|Content root path: C:\Users\rajes\OneDrive\Desktop\Task\SerilogProject\SerilogProject
2021-03-06 17:59:06.6630|INFO|SerilogProject.Controllers.WeatherForecastController|called weather forecast
2021-03-06 17:59:06.6868|INFO|SerilogProject.Controllers.WeatherForecastController|The value of i is 0
2021-03-06 17:59:06.7272|INFO|SerilogProject.Controllers.WeatherForecastController|The value of i is 1
2021-03-06 17:59:06.7763|INFO|SerilogProject.Controllers.WeatherForecastController|The value of i is 2
2021-03-06 17:59:06.7904|INFO|SerilogProject.Controllers.WeatherForecastController|The value of i is 3
2021-03-06 17:59:06.8809|INFO|SerilogProject.Controllers.WeatherForecastController|The value of i is 4
2021-03-06 17:59:06.9691|INFO|SerilogProject.Controllers.WeatherForecastController|The value of i is 5
2021-03-06 17:59:07.1442|INFO|SerilogProject.Controllers.WeatherForecastController|The value of i is 6
2021-03-06 17:59:07.1582|INFO|SerilogProject.Controllers.WeatherForecastController|The value of i is 7
2021-03-06 17:59:07.2001|INFO|SerilogProject.Controllers.WeatherForecastController|The value of i is 8
2021-03-06 17:59:07.2001|INFO|SerilogProject.Controllers.WeatherForecastController|The value of i is 9
2021-03-06 17:59:07.2138|INFO|SerilogProject.Controllers.WeatherForecastController|The value of i is 10
2021-03-06 17:59:07.2138|INFO|SerilogProject.Controllers.WeatherForecastController|The value of i is 11
2021-03-06 17:59:07.2288|INFO|SerilogProject.Controllers.WeatherForecastController|The value of i is 12
2021-03-06 17:59:07.2288|INFO|SerilogProject.Controllers.WeatherForecastController|The value of i is 13
2021-03-06 17:59:07.2427|INFO|SerilogProject.Controllers.WeatherForecastController|The value of i is 14
2021-03-06 17:59:07.2427|INFO|SerilogProject.Controllers.WeatherForecastController|The value of i is 15
2021-03-06 17:59:07.2427|INFO|SerilogProject.Controllers.WeatherForecastController|The value of i is 16
2021-03-06 17:59:07.2604|INFO|SerilogProject.Controllers.WeatherForecastController|The value of i is 17
2021-03-06 17:59:07.2604|INFO|SerilogProject.Controllers.WeatherForecastController|The value of i is 18
2021-03-06 17:59:07.2604|INFO|SerilogProject.Controllers.WeatherForecastController|The value of i is 19
2021-03-06 17:59:07.2760|INFO|SerilogProject.Controllers.WeatherForecastController|The value of i is 20
2021-03-06 17:59:07.2760|INFO|SerilogProject.Controllers.WeatherForecastController|The value of i is 21
2021-03-06 17:59:07.2887|INFO|SerilogProject.Controllers.WeatherForecastController|The value of i is 22
2021-03-06 17:59:07.2887|INFO|SerilogProject.Controllers.WeatherForecastController|The value of i is 23
2021-03-06 17:59:07.2887|INFO|SerilogProject.Controllers.WeatherForecastController|The value of i is 24
2021-03-06 17:59:07.2887|INFO|SerilogProject.Controllers.WeatherForecastController|The value of i is 25
2021-03-06 17:59:07.3089|INFO|SerilogProject.Controllers.WeatherForecastController|The value of i is 26
2021-03-06 17:59:07.3089|INFO|SerilogProject.Controllers.WeatherForecastController|The value of i is 27
2021-03-06 17:59:07.3089|INFO|SerilogProject.Controllers.WeatherForecastController|The value of i is 28
2021-03-06 17:59:07.3249|INFO|SerilogProject.Controllers.WeatherForecastController|The value of i is 29
2021-03-06 17:59:07.3249|INFO|SerilogProject.Controllers.WeatherForecastController|The value of i is 30
2021-03-06 17:59:07.3249|INFO|SerilogProject.Controllers.WeatherForecastController|The value of i is 31
2021-03-06 17:59:07.3382|INFO|SerilogProject.Controllers.WeatherForecastController|The value of i is 32
2021-03-06 17:59:07.3382|INFO|SerilogProject.Controllers.WeatherForecastController|The value of i is 33
2021-03-06 17:59:07.3382|INFO|SerilogProject.Controllers.WeatherForecastController|The value of i is 34
2021-03-06 17:59:07.3543|INFO|SerilogProject.Controllers.WeatherForecastController|The value of i is 35
2021-03-06 17:59:07.3543|INFO|SerilogProject.Controllers.WeatherForecastController|The value of i is 36
2021-03-06 17:59:07.3543|INFO|SerilogProject.Controllers.WeatherForecastController|The value of i is 37
2021-03-06 17:59:07.3543|INFO|SerilogProject.Controllers.WeatherForecastController|The value of i is 38
2021-03-06 17:59:07.3702|INFO|SerilogProject.Controllers.WeatherForecastController|The value of i is 39
2021-03-06 17:59:07.3702|INFO|SerilogProject.Controllers.WeatherForecastController|The value of i is 40
2021-03-06 17:59:07.3702|INFO|SerilogProject.Controllers.WeatherForecastController|The value of i is 41
2021-03-06 17:59:07.3702|INFO|SerilogProject.Controllers.WeatherForecastController|The value of i is 42
2021-03-06 17:59:07.3839|INFO|SerilogProject.Controllers.WeatherForecastController|The value of i is 43
2021-03-06 17:59:07.3839|INFO|SerilogProject.Controllers.WeatherForecastController|The value of i is 44
2021-03-06 17:59:07.3839|INFO|SerilogProject.Controllers.WeatherForecastController|The value of i is 45
2021-03-06 17:59:07.3839|INFO|SerilogProject.Controllers.WeatherForecastController|The value of i is 46
2021-03-06 17:59:07.3839|INFO|SerilogProject.Controllers.WeatherForecastController|The value of i is 47
2021-03-06 17:59:07.3992|INFO|SerilogProject.Controllers.WeatherForecastController|The value of i is 48
2021-03-06 17:59:07.3992|INFO|SerilogProject.Controllers.WeatherForecastController|The value of i is 49
2021-03-06 17:59:07.3992|INFO|SerilogProject.Controllers.WeatherForecastController|The value of i is 50
2021-03-06 17:59:07.3992|INFO|SerilogProject.Controllers.WeatherForecastController|The value of i is 51
2021-03-06 17:59:07.3992|INFO|SerilogProject.Controllers.WeatherForecastController|The value of i is 52
2021-03-06 17:59:07.4171|INFO|SerilogProject.Controllers.WeatherForecastController|The value of i is 53
2021-03-06 17:59:07.4171|INFO|SerilogProject.Controllers.WeatherForecastController|The value of i is 54
2021-03-06 17:59:07.4171|INFO|SerilogProject.Controllers.WeatherForecastController|The value of i is 55
2021-03-06 17:59:07.6119|ERROR|SerilogProject.Controllers.WeatherForecastController|We got this exception
2021-03-06 18:00:37.3215|INFO|Microsoft.Hosting.Lifetime|Application started. Press Ctrl+C to shut down.
2021-03-06 18:00:37.4364|INFO|Microsoft.Hosting.Lifetime|Hosting environment: Development
2021-03-06 18:00:37.4492|INFO|Microsoft.Hosting.Lifetime|Content root path: C:\Users\rajes\OneDrive\Desktop\Task\SerilogProject\SerilogProject
2021-03-06 18:00:37.5410|INFO|SerilogProject.Controllers.WeatherForecastController|called weather forecast
2021-03-06 18:00:37.5410|INFO|SerilogProject.Controllers.WeatherForecastController|The value of i is 0
2021-03-06 18:00:37.5410|INFO|SerilogProject.Controllers.WeatherForecastController|The value of i is 1
2021-03-06 18:00:37.5641|INFO|SerilogProject.Controllers.WeatherForecastController|The value of i is 2
2021-03-06 18:00:37.5705|INFO|SerilogProject.Controllers.WeatherForecastController|The value of i is 3
2021-03-06 18:00:37.5705|INFO|SerilogProject.Controllers.WeatherForecastController|The value of i is 4
2021-03-06 18:00:37.5705|INFO|SerilogProject.Controllers.WeatherForecastController|The value of i is 5
2021-03-06 18:00:37.5935|INFO|SerilogProject.Controllers.WeatherForecastController|The value of i is 6
2021-03-06 18:00:37.5935|INFO|SerilogProject.Controllers.WeatherForecastController|The value of i is 7
2021-03-06 18:00:37.6059|INFO|SerilogProject.Controllers.WeatherForecastController|The value of i is 8
2021-03-06 18:00:37.6059|INFO|SerilogProject.Controllers.WeatherForecastController|The value of i is 9
2021-03-06 18:00:37.6059|INFO|SerilogProject.Controllers.WeatherForecastController|The value of i is 10
2021-03-06 18:00:37.6213|INFO|SerilogProject.Controllers.WeatherForecastController|The value of i is 11
2021-03-06 18:00:37.6213|INFO|SerilogProject.Controllers.WeatherForecastController|The value of i is 12
2021-03-06 18:00:37.6213|INFO|SerilogProject.Controllers.WeatherForecastController|The value of i is 13
2021-03-06 18:00:37.6369|INFO|SerilogProject.Controllers.WeatherForecastController|The value of i is 14
2021-03-06 18:00:37.6369|INFO|SerilogProject.Controllers.WeatherForecastController|The value of i is 15
2021-03-06 18:00:37.6369|INFO|SerilogProject.Controllers.WeatherForecastController|The value of i is 16
2021-03-06 18:00:37.6511|INFO|SerilogProject.Controllers.WeatherForecastController|The value of i is 17
2021-03-06 18:00:37.6511|INFO|SerilogProject.Controllers.WeatherForecastController|The value of i is 18
2021-03-06 18:00:37.6511|INFO|SerilogProject.Controllers.WeatherForecastController|The value of i is 19
2021-03-06 18:00:37.6661|INFO|SerilogProject.Controllers.WeatherForecastController|The value of i is 20
2021-03-06 18:00:37.6661|INFO|SerilogProject.Controllers.WeatherForecastController|The value of i is 21
2021-03-06 18:00:37.6661|INFO|SerilogProject.Controllers.WeatherForecastController|The value of i is 22
2021-03-06 18:00:37.6838|INFO|SerilogProject.Controllers.WeatherForecastController|The value of i is 23
2021-03-06 18:00:37.6838|INFO|SerilogProject.Controllers.WeatherForecastController|The value of i is 24
2021-03-06 18:00:37.6956|INFO|SerilogProject.Controllers.WeatherForecastController|The value of i is 25
2021-03-06 18:00:37.6956|INFO|SerilogProject.Controllers.WeatherForecastController|The value of i is 26
2021-03-06 18:00:37.6956|INFO|SerilogProject.Controllers.WeatherForecastController|The value of i is 27
2021-03-06 18:00:37.7154|INFO|SerilogProject.Controllers.WeatherForecastController|The value of i is 28
2021-03-06 18:00:37.7154|INFO|SerilogProject.Controllers.WeatherForecastController|The value of i is 29
2021-03-06 18:00:37.7322|INFO|SerilogProject.Controllers.WeatherForecastController|The value of i is 30
2021-03-06 18:00:37.7322|INFO|SerilogProject.Controllers.WeatherForecastController|The value of i is 31
2021-03-06 18:00:37.7449|INFO|SerilogProject.Controllers.WeatherForecastController|The value of i is 32
2021-03-06 18:00:37.7449|INFO|SerilogProject.Controllers.WeatherForecastController|The value of i is 33
2021-03-06 18:00:37.7591|INFO|SerilogProject.Controllers.WeatherForecastController|The value of i is 34
2021-03-06 18:00:37.7591|INFO|SerilogProject.Controllers.WeatherForecastController|The value of i is 35
2021-03-06 18:00:37.7736|INFO|SerilogProject.Controllers.WeatherForecastController|The value of i is 36
2021-03-06 18:00:37.7736|INFO|SerilogProject.Controllers.WeatherForecastController|The value of i is 37
2021-03-06 18:00:37.7901|INFO|SerilogProject.Controllers.WeatherForecastController|The value of i is 38
2021-03-06 18:00:37.7901|INFO|SerilogProject.Controllers.WeatherForecastController|The value of i is 39
2021-03-06 18:00:37.8091|INFO|SerilogProject.Controllers.WeatherForecastController|The value of i is 40
2021-03-06 18:00:37.8091|INFO|SerilogProject.Controllers.WeatherForecastController|The value of i is 41
2021-03-06 18:00:37.8211|INFO|SerilogProject.Controllers.WeatherForecastController|The value of i is 42
2021-03-06 18:00:37.8211|INFO|SerilogProject.Controllers.WeatherForecastController|The value of i is 43
2021-03-06 18:00:37.8211|INFO|SerilogProject.Controllers.WeatherForecastController|The value of i is 44
2021-03-06 18:00:37.8407|INFO|SerilogProject.Controllers.WeatherForecastController|The value of i is 45
2021-03-06 18:00:37.8407|INFO|SerilogProject.Controllers.WeatherForecastController|The value of i is 46
2021-03-06 18:00:37.8407|INFO|SerilogProject.Controllers.WeatherForecastController|The value of i is 47
2021-03-06 18:00:37.8567|INFO|SerilogProject.Controllers.WeatherForecastController|The value of i is 48
2021-03-06 18:00:37.8567|INFO|SerilogProject.Controllers.WeatherForecastController|The value of i is 49
2021-03-06 18:00:37.8678|INFO|SerilogProject.Controllers.WeatherForecastController|The value of i is 50
2021-03-06 18:00:37.8678|INFO|SerilogProject.Controllers.WeatherForecastController|The value of i is 51
2021-03-06 18:00:37.8678|INFO|SerilogProject.Controllers.WeatherForecastController|The value of i is 52
2021-03-06 18:00:37.8836|INFO|SerilogProject.Controllers.WeatherForecastController|The value of i is 53
2021-03-06 18:00:37.8836|INFO|SerilogProject.Controllers.WeatherForecastController|The value of i is 54
2021-03-06 18:00:37.8836|INFO|SerilogProject.Controllers.WeatherForecastController|The value of i is 55
2021-03-06 18:00:37.9877|ERROR|SerilogProject.Controllers.WeatherForecastController|This is my demo exception
